Tue 18 Apr 2023 04:03:23 AM UTC: 
 tests:  0|5
total_score: 0/70
fe68dd6
Sat 22 Apr 2023 04:59:10 PM UTC: 
 sudoku.c | 23 +++++++++++++++++------
 1 file changed, 17 insertions(+), 6 deletions(-)
In file included from test.c:5:
sudoku.c: In function ‘get_adj_nodes’:
sudoku.c:53:25: error: statement with no effect [-Werror=unused-value]
   53 |           n->sudo[i][j] == aux;
      |           ~~~~~~~~~~~~~~^~~~~~
sudoku.c:56:20: error: ‘lista’ undeclared (first use in this function); did you mean ‘list’?
   56 |           pushBack(lista, nuevoNodo);
      |                    ^~~~~
      |                    list
sudoku.c:56:20: note: each undeclared identifier is reported only once for each function it appears in
cc1: all warnings being treated as errors
Compilation failed
9c58301
Sat 22 Apr 2023 04:59:19 PM UTC: 
 sudoku.c | 2 +-
 1 file changed, 1 insertion(+), 1 deletion(-)
In file included from test.c:5:
sudoku.c: In function ‘get_adj_nodes’:
sudoku.c:56:20: error: ‘lista’ undeclared (first use in this function); did you mean ‘list’?
   56 |           pushBack(lista, nuevoNodo);
      |                    ^~~~~
      |                    list
sudoku.c:56:20: note: each undeclared identifier is reported only once for each function it appears in
Compilation failed
5cd47d7
Sat 22 Apr 2023 04:59:22 PM UTC: 
 sudoku.c | 2 +-
 1 file changed, 1 insertion(+), 1 deletion(-)
 tests:  0|5
total_score: 0/70
39bbf1a
Sat 22 Apr 2023 04:59:46 PM UTC: 
 sudoku.c | 2 +-
 1 file changed, 1 insertion(+), 1 deletion(-)
 tests:  0|5
total_score: 0/70
15ff41d
Sat 22 Apr 2023 05:01:45 PM UTC: 
 sudoku.c | 13 ++++++++++---
 1 file changed, 10 insertions(+), 3 deletions(-)
In file included from test.c:5:
sudoku.c: In function ‘get_adj_nodes’:
sudoku.c:48:9: error: unused variable ‘aux’ [-Werror=unused-variable]
   48 |     int aux = 1;
      |         ^~~
cc1: all warnings being treated as errors
Compilation failed
eb827d7
Sat 22 Apr 2023 05:01:52 PM UTC: 
 sudoku.c | 1 -
 1 file changed, 1 deletion(-)
 tests:  2|4
total_score: 15/70
8a357db
Sat 22 Apr 2023 05:09:08 PM UTC: 
 sudoku.c | 5 +++++
 1 file changed, 5 insertions(+)
In file included from test.c:5:
sudoku.c: In function ‘is_valid’:
sudoku.c:63:18: error: invalid initializer
   63 |   int fila[10] = 0;
      |                  ^
sudoku.c:64:21: error: invalid initializer
   64 |   int columna[10] = 0;
      |                     ^
sudoku.c:65:20: error: invalid initializer
   65 |   int matriz[10] = 0;
      |                    ^
sudoku.c:65:7: error: unused variable ‘matriz’ [-Werror=unused-variable]
   65 |   int matriz[10] = 0;
      |       ^~~~~~
sudoku.c:64:7: error: unused variable ‘columna’ [-Werror=unused-variable]
   64 |   int columna[10] = 0;
      |       ^~~~~~~
sudoku.c:63:7: error: unused variable ‘fila’ [-Werror=unused-variable]
   63 |   int fila[10] = 0;
      |       ^~~~
cc1: all warnings being treated as errors
Compilation failed
4a43608
Sat 22 Apr 2023 05:18:56 PM UTC: 
 sudoku.c | 31 +++++++++++++++++++++++++++++++
 1 file changed, 31 insertions(+)
In file included from test.c:5:
sudoku.c: In function ‘is_valid’:
sudoku.c:63:18: error: invalid initializer
   63 |   int fila[10] = 0;
      |                  ^
sudoku.c:64:21: error: invalid initializer
   64 |   int columna[10] = 0;
      |                     ^
sudoku.c:65:20: error: invalid initializer
   65 |   int matriz[10] = 0;
      |                    ^
sudoku.c:78:37: error: statement with no effect [-Werror=unused-value]
   78 |         else columna[n->sudo[i][k]] == 1
      |              ~~~~~~~~~~~~~~~~~~~~~~~^~~~
sudoku.c:78:41: error: expected ‘;’ before ‘}’ token
   78 |         else columna[n->sudo[i][k]] == 1
      |                                         ^
      |                                         ;
   79 |       }
      |       ~                                  
sudoku.c:83:34: error: statement with no effect [-Werror=unused-value]
   83 |         else fila[n->sudo[k][i]] == 1
      |              ~~~~~~~~~~~~~~~~~~~~^~~~
sudoku.c:83:38: error: expected ‘;’ before ‘}’ token
   83 |         else fila[n->sudo[k][i]] == 1
      |                                      ^
      |                                      ;
   84 |       }
      |       ~                               
sudoku.c:91:48: error: statement with no effect [-Werror=unused-value]
   91 |         else matriz[n->sudo[matrizI][matrizJ]] == 1
      |              ~~~~~~~~~~~~~~~~~~~~~~~~~~~~~~~~~~^~~~
sudoku.c:91:52: error: expected ‘;’ before ‘}’ token
   91 |         else matriz[n->sudo[matrizI][matrizJ]] == 1
      |                                                    ^
      |                                                    ;
   92 |       }
      |       ~                                             
cc1: all warnings being treated as errors
Compilation failed
e7a0a3f
Sat 22 Apr 2023 05:19:18 PM UTC: 
 sudoku.c | 6 +++---
 1 file changed, 3 insertions(+), 3 deletions(-)
In file included from test.c:5:
sudoku.c: In function ‘is_valid’:
sudoku.c:78:37: error: statement with no effect [-Werror=unused-value]
   78 |         else columna[n->sudo[i][k]] == 1
      |              ~~~~~~~~~~~~~~~~~~~~~~~^~~~
sudoku.c:78:41: error: expected ‘;’ before ‘}’ token
   78 |         else columna[n->sudo[i][k]] == 1
      |                                         ^
      |                                         ;
   79 |       }
      |       ~                                  
sudoku.c:83:34: error: statement with no effect [-Werror=unused-value]
   83 |         else fila[n->sudo[k][i]] == 1
      |              ~~~~~~~~~~~~~~~~~~~~^~~~
sudoku.c:83:38: error: expected ‘;’ before ‘}’ token
   83 |         else fila[n->sudo[k][i]] == 1
      |                                      ^
      |                                      ;
   84 |       }
      |       ~                               
sudoku.c:91:48: error: statement with no effect [-Werror=unused-value]
   91 |         else matriz[n->sudo[matrizI][matrizJ]] == 1
      |              ~~~~~~~~~~~~~~~~~~~~~~~~~~~~~~~~~~^~~~
sudoku.c:91:52: error: expected ‘;’ before ‘}’ token
   91 |         else matriz[n->sudo[matrizI][matrizJ]] == 1
      |                                                    ^
      |                                                    ;
   92 |       }
      |       ~                                             
cc1: all warnings being treated as errors
Compilation failed
f66ca18
Sat 22 Apr 2023 05:19:28 PM UTC: 
 sudoku.c | 6 +++---
 1 file changed, 3 insertions(+), 3 deletions(-)
In file included from test.c:5:
sudoku.c: In function ‘is_valid’:
sudoku.c:78:40: error: expected ‘;’ before ‘}’ token
   78 |         else columna[n->sudo[i][k]] = 1
      |                                        ^
      |                                        ;
   79 |       }
      |       ~                                 
sudoku.c:83:37: error: expected ‘;’ before ‘}’ token
   83 |         else fila[n->sudo[k][i]] = 1
      |                                     ^
      |                                     ;
   84 |       }
      |       ~                              
sudoku.c:91:51: error: expected ‘;’ before ‘}’ token
   91 |         else matriz[n->sudo[matrizI][matrizJ]] = 1
      |                                                   ^
      |                                                   ;
   92 |       }
      |       ~                                            
Compilation failed
5086832
Sat 22 Apr 2023 05:19:35 PM UTC: 
 sudoku.c | 6 +++---
 1 file changed, 3 insertions(+), 3 deletions(-)
 tests:  2|4
total_score: 15/70
030b8f1
Sat 22 Apr 2023 05:20:58 PM UTC: 
 sudoku.c | 21 +++++++++++++++++++--
 1 file changed, 19 insertions(+), 2 deletions(-)
In file included from test.c:5:
sudoku.c: In function ‘is_valid’:
sudoku.c:65:7: error: variable ‘matriz’ set but not used [-Werror=unused-but-set-variable]
   65 |   int matriz[10];
      |       ^~~~~~
sudoku.c:63:7: error: variable ‘fila’ set but not used [-Werror=unused-but-set-variable]
   63 |   int fila[10];
      |       ^~~~
sudoku.c: At top level:
sudoku.c:97:3: error: expected identifier or ‘(’ before ‘for’
   97 |   for(int i = 0; i < 9; i++){
      |   ^~~
sudoku.c:97:20: error: expected ‘=’, ‘,’, ‘;’, ‘asm’ or ‘__attribute__’ before ‘<’ token
   97 |   for(int i = 0; i < 9; i++){
      |                    ^
sudoku.c:97:26: error: expected ‘=’, ‘,’, ‘;’, ‘asm’ or ‘__attribute__’ before ‘++’ token
   97 |   for(int i = 0; i < 9; i++){
      |                          ^~
sudoku.c:106:3: error: expected identifier or ‘(’ before ‘for’
  106 |   for(int i = 0; i < 9; i++){
      |   ^~~
sudoku.c:106:20: error: expected ‘=’, ‘,’, ‘;’, ‘asm’ or ‘__attribute__’ before ‘<’ token
  106 |   for(int i = 0; i < 9; i++){
      |                    ^
sudoku.c:106:26: error: expected ‘=’, ‘,’, ‘;’, ‘asm’ or ‘__attribute__’ before ‘++’ token
  106 |   for(int i = 0; i < 9; i++){
      |                          ^~
sudoku.c: In function ‘is_valid’:
sudoku.c:95:3: error: control reaches end of non-void function [-Werror=return-type]
   95 |   }
      |   ^
cc1: all warnings being treated as errors
Compilation failed
b1bf676
Sat 22 Apr 2023 05:21:18 PM UTC: 
 sudoku.c | 2 +-
 1 file changed, 1 insertion(+), 1 deletion(-)
test.c: In function ‘is_valid’:
test.c:245:5: error: ‘main’ is normally a non-static function [-Werror=main]
  245 | int main( int argc, char *argv[] ) {
      |     ^~~~
test.c:262:1: error: expected declaration or statement at end of input
  262 | }
      | ^
test.c:263: error: control reaches end of non-void function [-Werror=return-type]
At top level:
test.c:245:5: error: ‘main’ defined but not used [-Werror=unused-function]
  245 | int main( int argc, char *argv[] ) {
      |     ^~~~
test.c:7:8: error: ‘_strdup’ defined but not used [-Werror=unused-function]
    7 | char * _strdup(const char * str) {
      |        ^~~~~~~
cc1: all warnings being treated as errors
Compilation failed
d274370
Sat 22 Apr 2023 05:21:50 PM UTC: 
 sudoku.c | 1 +
 1 file changed, 1 insertion(+)
 tests:  2|4
total_score: 15/70
7b8ea74
Sat 22 Apr 2023 05:24:50 PM UTC: 
 sudoku.c | 8 ++++----
 1 file changed, 4 insertions(+), 4 deletions(-)
 tests:  2|4
total_score: 15/70
bed6bd3
Sat 22 Apr 2023 05:27:12 PM UTC: 
 sudoku.c | 13 +++++--------
 1 file changed, 5 insertions(+), 8 deletions(-)
 tests:  5|3
total_score: 35/70
90ef5be
Sat 22 Apr 2023 05:27:56 PM UTC: 
 sudoku.c | 14 +++++++++-----
 1 file changed, 9 insertions(+), 5 deletions(-)
test.c: In function ‘is_valid’:
test.c:245:5: error: ‘main’ is normally a non-static function [-Werror=main]
  245 | int main( int argc, char *argv[] ) {
      |     ^~~~
test.c:262:1: error: expected declaration or statement at end of input
  262 | }
      | ^
test.c:263: error: control reaches end of non-void function [-Werror=return-type]
At top level:
test.c:245:5: error: ‘main’ defined but not used [-Werror=unused-function]
  245 | int main( int argc, char *argv[] ) {
      |     ^~~~
test.c:7:8: error: ‘_strdup’ defined but not used [-Werror=unused-function]
    7 | char * _strdup(const char * str) {
      |        ^~~~~~~
cc1: all warnings being treated as errors
Compilation failed
be12b31
Sat 22 Apr 2023 05:28:14 PM UTC: 
 sudoku.c | 1 +
 1 file changed, 1 insertion(+)
 tests:  5|3
total_score: 35/70
dff3f91
Sat 22 Apr 2023 05:29:41 PM UTC: 
 sudoku.c | 25 ++-----------------------
 1 file changed, 2 insertions(+), 23 deletions(-)
In file included from test.c:5:
sudoku.c: In function ‘get_adj_nodes’:
sudoku.c:54:16: error: implicit declaration of function ‘is_valid’ [-Werror=implicit-function-declaration]
   54 |             if(is_valid(n->sudo[i][j]) == 1){
      |                ^~~~~~~~
cc1: all warnings being treated as errors
Compilation failed
d9b3fe2
Sat 22 Apr 2023 05:29:58 PM UTC: 
 sudoku.c | 36 ++++++++++++++++++------------------
 1 file changed, 18 insertions(+), 18 deletions(-)
In file included from test.c:5:
sudoku.c: In function ‘get_adj_nodes’:
sudoku.c:94:35: error: passing argument 1 of ‘is_valid’ makes pointer from integer without a cast [-Werror=int-conversion]
   94 |             if(is_valid(n->sudo[i][j]) == 1){
      |                         ~~~~~~~~~~^~~
      |                                   |
      |                                   int
sudoku.c:46:20: note: expected ‘Node *’ but argument is of type ‘int’
   46 | int is_valid(Node* n){
      |              ~~~~~~^
cc1: all warnings being treated as errors
Compilation failed
837e98b
Sat 22 Apr 2023 05:30:11 PM UTC: 
 sudoku.c | 2 +-
 1 file changed, 1 insertion(+), 1 deletion(-)
 tests:  6|2
total_score: 45/70
ac35df9
